 
 -------------- celery@09d08c5af27d v4.3.0 (rhubarb)
---- **** ----- 
--- * ***  * -- Linux-4.15.0-50-generic-x86_64-with-debian-9.9 2019-06-03 01:16:29
-- * - **** --- 
- ** ---------- [config]
- ** ---------- .> app:         demoapp:0x7f9bd78e8c88
- ** ---------- .> transport:   amqp://ermjfkat:**@toad.rmq.cloudamqp.com:5672/ermjfkat
- ** ---------- .> results:     disabled://
- *** --- * --- .> concurrency: 12 (prefork)
-- ******* ---- .> task events: OFF (enable -E to monitor tasks in this worker)
--- ***** ----- 
 -------------- [queues]
                .> celery           exchange=celery(direct) key=celery
                

[tasks]
  . tasks.tasks.create_random_user_accounts

[2019-06-03 01:16:31,747: INFO/MainProcess] Connected to amqp://ermjfkat:**@toad.rmq.cloudamqp.com:5672/ermjfkat
[2019-06-03 01:16:34,203: INFO/MainProcess] mingle: searching for neighbors
[2019-06-03 01:16:41,367: INFO/MainProcess] mingle: all alone
[2019-06-03 01:16:47,509: WARNING/MainProcess] /usr/local/lib/python3.7/site-packages/celery/fixups/django.py:202: UserWarning: Using settings.DEBUG leads to a memory leak, never use this setting in production environments!
  warnings.warn('Using settings.DEBUG leads to a memory leak, never '
[2019-06-03 01:16:47,509: INFO/MainProcess] celery@09d08c5af27d ready.
[2019-06-03 01:21:05,098: INFO/MainProcess] Received task: tasks.tasks.create_random_user_accounts[4f288e55-ed1c-44e1-90c0-83708afe36d1]  
[2019-06-03 01:21:06,370: WARNING/ForkPoolWorker-8] {'user': 'soorya'}
[2019-06-03 01:21:06,371: WARNING/ForkPoolWorker-8] Task has executed successfully
[2019-06-03 01:21:06,371: INFO/ForkPoolWorker-8] Task tasks.tasks.create_random_user_accounts[4f288e55-ed1c-44e1-90c0-83708afe36d1] succeeded in 0.0011634469999535213s: 'Task has executed successfully'

worker: Warm shutdown (MainProcess)
 
 -------------- celery@09d08c5af27d v4.3.0 (rhubarb)
---- **** ----- 
--- * ***  * -- Linux-4.15.0-50-generic-x86_64-with-debian-9.9 2019-06-03 01:29:35
-- * - **** --- 
- ** ---------- [config]
- ** ---------- .> app:         demoapp:0x7f8b8d5a4e10
- ** ---------- .> transport:   amqp://ermjfkat:**@toad.rmq.cloudamqp.com:5672/ermjfkat
- ** ---------- .> results:     disabled://
- *** --- * --- .> concurrency: 12 (prefork)
-- ******* ---- .> task events: OFF (enable -E to monitor tasks in this worker)
--- ***** ----- 
 -------------- [queues]
                .> celery           exchange=celery(direct) key=celery
                

[tasks]
  . tasks.tasks.create_random_user_accounts

[2019-06-03 01:29:38,194: INFO/MainProcess] Connected to amqp://ermjfkat:**@toad.rmq.cloudamqp.com:5672/ermjfkat
[2019-06-03 01:29:40,790: INFO/MainProcess] mingle: searching for neighbors
[2019-06-03 01:29:49,166: INFO/MainProcess] mingle: all alone
[2019-06-03 01:29:56,228: WARNING/MainProcess] /usr/local/lib/python3.7/site-packages/celery/fixups/django.py:202: UserWarning: Using settings.DEBUG leads to a memory leak, never use this setting in production environments!
  warnings.warn('Using settings.DEBUG leads to a memory leak, never '
[2019-06-03 01:29:56,228: INFO/MainProcess] celery@09d08c5af27d ready.

worker: Warm shutdown (MainProcess)
 
 -------------- celery@09d08c5af27d v4.3.0 (rhubarb)
---- **** ----- 
--- * ***  * -- Linux-4.15.0-50-generic-x86_64-with-debian-9.9 2019-06-03 01:30:17
-- * - **** --- 
- ** ---------- [config]
- ** ---------- .> app:         demoapp:0x7fdcf3068dd8
- ** ---------- .> transport:   amqp://ermjfkat:**@toad.rmq.cloudamqp.com:5672/ermjfkat
- ** ---------- .> results:     disabled://
- *** --- * --- .> concurrency: 12 (prefork)
-- ******* ---- .> task events: OFF (enable -E to monitor tasks in this worker)
--- ***** ----- 
 -------------- [queues]
                .> celery           exchange=celery(direct) key=celery
                

[tasks]
  . tasks.tasks.create_random_user_accounts

[2019-06-03 01:30:20,406: INFO/MainProcess] Connected to amqp://ermjfkat:**@toad.rmq.cloudamqp.com:5672/ermjfkat
[2019-06-03 01:30:22,455: INFO/MainProcess] mingle: searching for neighbors
[2019-06-03 01:30:30,211: INFO/MainProcess] mingle: all alone
[2019-06-03 01:30:40,074: WARNING/MainProcess] /usr/local/lib/python3.7/site-packages/celery/fixups/django.py:202: UserWarning: Using settings.DEBUG leads to a memory leak, never use this setting in production environments!
  warnings.warn('Using settings.DEBUG leads to a memory leak, never '
[2019-06-03 01:30:40,075: INFO/MainProcess] celery@09d08c5af27d ready.
 
 -------------- celery@09d08c5af27d v4.3.0 (rhubarb)
---- **** ----- 
--- * ***  * -- Linux-4.15.0-50-generic-x86_64-with-debian-9.9 2019-06-03 01:34:57
-- * - **** --- 
- ** ---------- [config]
- ** ---------- .> app:         demoapp:0x7fc62af0cd30
- ** ---------- .> transport:   amqp://ermjfkat:**@toad.rmq.cloudamqp.com:5672/ermjfkat
- ** ---------- .> results:     disabled://
- *** --- * --- .> concurrency: 12 (prefork)
-- ******* ---- .> task events: OFF (enable -E to monitor tasks in this worker)
--- ***** ----- 
 -------------- [queues]
                .> celery           exchange=celery(direct) key=celery
                

[tasks]
  . tasks.tasks.create_random_user_accounts

[2019-06-03 01:35:00,171: INFO/MainProcess] Connected to amqp://ermjfkat:**@toad.rmq.cloudamqp.com:5672/ermjfkat
[2019-06-03 01:35:03,038: INFO/MainProcess] mingle: searching for neighbors
[2019-06-03 01:35:11,639: INFO/MainProcess] mingle: all alone
[2019-06-03 01:35:20,036: WARNING/MainProcess] /usr/local/lib/python3.7/site-packages/celery/fixups/django.py:202: UserWarning: Using settings.DEBUG leads to a memory leak, never use this setting in production environments!
  warnings.warn('Using settings.DEBUG leads to a memory leak, never '
[2019-06-03 01:35:20,036: INFO/MainProcess] celery@09d08c5af27d ready.

worker: Warm shutdown (MainProcess)
 
 -------------- celery@09d08c5af27d v4.3.0 (rhubarb)
---- **** ----- 
--- * ***  * -- Linux-4.15.0-50-generic-x86_64-with-debian-9.9 2019-06-03 01:36:32
-- * - **** --- 
- ** ---------- [config]
- ** ---------- .> app:         demoapp:0x7f45ea790da0
- ** ---------- .> transport:   amqp://ermjfkat:**@toad.rmq.cloudamqp.com:5672/ermjfkat
- ** ---------- .> results:     disabled://
- *** --- * --- .> concurrency: 12 (prefork)
-- ******* ---- .> task events: OFF (enable -E to monitor tasks in this worker)
--- ***** ----- 
 -------------- [queues]
                .> celery           exchange=celery(direct) key=celery
                

[tasks]
  . tasks.tasks.create_random_user_accounts

[2019-06-03 01:36:35,198: INFO/MainProcess] Connected to amqp://ermjfkat:**@toad.rmq.cloudamqp.com:5672/ermjfkat
[2019-06-03 01:36:37,322: INFO/MainProcess] mingle: searching for neighbors
[2019-06-03 01:36:44,619: INFO/MainProcess] mingle: all alone
[2019-06-03 01:36:51,583: WARNING/MainProcess] /usr/local/lib/python3.7/site-packages/celery/fixups/django.py:202: UserWarning: Using settings.DEBUG leads to a memory leak, never use this setting in production environments!
  warnings.warn('Using settings.DEBUG leads to a memory leak, never '
[2019-06-03 01:36:51,583: INFO/MainProcess] celery@09d08c5af27d ready.
